{"message":"Summary: Registration 8F/Rg","level":"info"}
{"message":"Summary: Computing Science 12D/Cp1a","level":"info"}
{"message":"Summary: Computing Science 10C/Cp1","level":"info"}
{"message":"Summary: Computing Science 9x/Cp2","level":"info"}
{"message":"Summary: Registration 8F/Rg","level":"info"}
{"message":"Summary: NQT","level":"info"}
{"message":"Summary: Mathematics 8x/M2","level":"info"}
{"message":"Summary: Mathematics 7z/M1","level":"info"}
{"message":"Summary: Computing Science 12D/Cp1a","level":"info"}
{"message":"Summary: Registration 8F/Rg","level":"info"}
{"message":"Summary: Computing Science 12D/Cp1a","level":"info"}
{"message":"Summary: Computing Science 8xz/Cp4","level":"info"}
{"message":"Summary: Computing Science 13B/Cp1b","level":"info"}
{"message":"Summary: Computing Science 9x/Cp2","level":"info"}
{"message":"Summary: Mathematics 7z/M1","level":"info"}
{"message":"Summary: Registration 8F/Rg","level":"info"}
{"message":"Summary: Computing Science 9y/Cp2","level":"info"}
{"message":"Summary: Mathematics 8x/M2","level":"info"}
{"message":"Summary: Computing Science 8xz/Cp4","level":"info"}
{"message":"Summary: Computing Science 9y/Cp1","level":"info"}
{"message":"Summary: Registration 8F/Rg","level":"info"}
{"message":"Summary: Mathematics 8x/M2","level":"info"}
{"message":"Summary: Computing Science 9y/Cp2","level":"info"}
{"message":"Summary: Computing Science 12D/Cp1a","level":"info"}
{"message":"Summary: Computing Science 10C/Cp1","level":"info"}
{"message":"Summary: Computing Science 9y/Cp1","level":"info"}
{"message":"Summary: Registration 8F/Rg","level":"info"}
{"message":"Summary: Computing Science 7C/Cp","level":"info"}
{"message":"Summary: Computing Science 10C/Cp1","level":"info"}
{"message":"Summary: Mathematics 8x/M2","level":"info"}
{"message":"Summary: Registration 9F/Rg","level":"info"}
{"message":"Summary: Computing Science 8xz/Cp2","level":"info"}
{"message":"Summary: Mathematics 7z/M1","level":"info"}
{"message":"Summary: Computing Science 13B/Cp1b","level":"info"}
{"message":"Summary: Registration 8F/Rg","level":"info"}
{"message":"Summary: Computing Science 12D/Cp1a","level":"info"}
{"message":"Summary: Computing Science 7C/Cp","level":"info"}
{"message":"Summary: Mathematics 7z/M1","level":"info"}
{"message":"Summary: Mathematics 8x/M2","level":"info"}
{"message":"Summary: Registration 8F/Rg","level":"info"}
{"message":"Summary: Mathematics 7z/M1","level":"info"}
{"message":"Summary: Mathematics 8x/M2","level":"info"}
{"message":"Summary: Computing Science 10C/Cp1","level":"info"}
{"message":"Summary: Computing Science 8xz/Cp2","level":"info"}
{"message":"Summary: Registration 8F/Rg","level":"info"}
{"message":"Summary: Computing Science 13B/Cp1b","level":"info"}
{"message":"Summary: Computing Science 12D/Cp1a","level":"info"}
{"message":"Summary: Computing Science 10C/Cp1","level":"info"}
{"message":"Summary: Mathematics 7z/M1","level":"info"}
{"message":"Summary: Registration 8F/Rg","level":"info"}
{"message":"Summary: Computing Science 12D/Cp1a","level":"info"}
{"message":"Summary: Computing Science 10C/Cp1","level":"info"}
{"message":"Summary: Computing Science 9x/Cp2","level":"info"}
{"message":"Summary: Registration 8F/Rg","level":"info"}
{"message":"Summary: NQT","level":"info"}
{"message":"Summary: Mathematics 8x/M2","level":"info"}
{"message":"Summary: Mathematics 7z/M1","level":"info"}
{"message":"Summary: Computing Science 12D/Cp1a","level":"info"}
{"message":"Summary: Registration 8F/Rg","level":"info"}
{"message":"Summary: Computing Science 12D/Cp1a","level":"info"}
{"message":"Summary: Computing Science 8xz/Cp4","level":"info"}
{"message":"Summary: Computing Science 13B/Cp1b","level":"info"}
{"message":"Summary: Computing Science 9x/Cp2","level":"info"}
{"message":"Summary: Mathematics 7z/M1","level":"info"}
{"message":"Summary: Registration 8F/Rg","level":"info"}
{"message":"Summary: Computing Science 9y/Cp2","level":"info"}
{"message":"Summary: Mathematics 8x/M2","level":"info"}
{"message":"Summary: Computing Science 8xz/Cp4","level":"info"}
{"message":"Summary: Computing Science 9y/Cp1","level":"info"}
{"message":"Summary: Registration 8F/Rg","level":"info"}
{"message":"Summary: Mathematics 8x/M2","level":"info"}
{"message":"Summary: Computing Science 9y/Cp2","level":"info"}
{"message":"Summary: Computing Science 12D/Cp1a","level":"info"}
{"message":"Summary: Computing Science 10C/Cp1","level":"info"}
{"message":"Summary: Computing Science 9y/Cp1","level":"info"}
{"message":"Summary: Registration 8F/Rg","level":"info"}
{"message":"Summary: Computing Science 7C/Cp","level":"info"}
{"message":"Summary: Computing Science 10C/Cp1","level":"info"}
{"message":"Summary: Mathematics 8x/M2","level":"info"}
{"message":"Sup","level":"info"}
{"message":"Fetch Courses","level":"info"}
{"message":"Courses:","level":"info"}
{"message":"8F - Tutor Group (216359913512)","level":"info"}
{"message":"8x/M2 - Mr Sharp 2021 (205188686796)","level":"info"}
{"message":"7z/M1 (167969759047)","level":"info"}
{"message":"9y/Cp1 (158912739618)","level":"info"}
{"message":"9y/Cp2 (158901228360)","level":"info"}
{"message":"9x/Cp5 (153721570584)","level":"info"}
{"message":"9x/Cp4 (153722694352)","level":"info"}
{"message":"9x/Cp3 (153722693958)","level":"info"}
{"message":"Teaching and Learning – INSET 2020 - 2021 (134706419140)","level":"info"}
{"message":"Y8 (219687520177)","level":"info"}
info: Summary: Registration 8F/Rg
info: Summary: Computing Science 12D/Cp1a
info: Summary: Computing Science 10C/Cp1
info: Summary: Computing Science 9x/Cp2
info: Summary: Registration 8F/Rg
info: Summary: NQT
info: Summary: Mathematics 8x/M2
info: Summary: Mathematics 7z/M1
info: Summary: Computing Science 12D/Cp1a
info: Summary: Registration 8F/Rg
info: Summary: Computing Science 12D/Cp1a
info: Summary: Computing Science 8xz/Cp4
info: Summary: Computing Science 13B/Cp1b
info: Summary: Computing Science 9x/Cp2
info: Summary: Mathematics 7z/M1
info: Summary: Registration 8F/Rg
info: Summary: Computing Science 9y/Cp2
info: Summary: Mathematics 8x/M2
info: Summary: Computing Science 8xz/Cp4
info: Summary: Computing Science 9y/Cp1
info: Summary: Registration 8F/Rg
info: Summary: Mathematics 8x/M2
info: Summary: Computing Science 9y/Cp2
info: Summary: Computing Science 12D/Cp1a
info: Summary: Computing Science 10C/Cp1
info: Summary: Computing Science 9y/Cp1
info: Summary: Registration 8F/Rg
info: Summary: Computing Science 7C/Cp
info: Summary: Computing Science 10C/Cp1
info: Summary: Mathematics 8x/M2
info: Summary: Registration 9F/Rg
info: Summary: Computing Science 8xz/Cp2
info: Summary: Mathematics 7z/M1
info: Summary: Computing Science 13B/Cp1b
info: Summary: Registration 8F/Rg
info: Summary: Computing Science 12D/Cp1a
info: Summary: Computing Science 7C/Cp
info: Summary: Mathematics 7z/M1
info: Summary: Mathematics 8x/M2
info: Summary: Registration 8F/Rg
info: Summary: Mathematics 7z/M1
info: Summary: Mathematics 8x/M2
info: Summary: Computing Science 10C/Cp1
info: Summary: Computing Science 8xz/Cp2
info: Summary: Registration 8F/Rg
info: Summary: Computing Science 13B/Cp1b
info: Summary: Computing Science 12D/Cp1a
info: Summary: Computing Science 10C/Cp1
info: Summary: Mathematics 7z/M1
info: Summary: Registration 8F/Rg
info: Summary: Computing Science 12D/Cp1a
info: Summary: Computing Science 10C/Cp1
info: Summary: Computing Science 9x/Cp2
info: Summary: Registration 8F/Rg
info: Summary: NQT
info: Summary: Mathematics 8x/M2
info: Summary: Mathematics 7z/M1
info: Summary: Computing Science 12D/Cp1a
info: Summary: Registration 8F/Rg
info: Summary: Computing Science 12D/Cp1a
info: Summary: Computing Science 8xz/Cp4
info: Summary: Computing Science 13B/Cp1b
info: Summary: Computing Science 9x/Cp2
info: Summary: Mathematics 7z/M1
info: Summary: Registration 8F/Rg
info: Summary: Computing Science 9y/Cp2
info: Summary: Mathematics 8x/M2
info: Summary: Computing Science 8xz/Cp4
info: Summary: Computing Science 9y/Cp1
info: Summary: Registration 8F/Rg
info: Summary: Mathematics 8x/M2
info: Summary: Computing Science 9y/Cp2
info: Summary: Computing Science 12D/Cp1a
info: Summary: Computing Science 10C/Cp1
info: Summary: Computing Science 9y/Cp1
info: Summary: Registration 8F/Rg
info: Summary: Computing Science 7C/Cp
info: Summary: Computing Science 10C/Cp1
info: Summary: Mathematics 8x/M2
info: Courses:
info: 8F - Tutor Group (216359913512)
info: 8x/M2 - Mr Sharp 2021 (205188686796)
info: 7z/M1 (167969759047)
info: 9y/Cp1 (158912739618)
info: 9y/Cp2 (158901228360)
info: 9x/Cp5 (153721570584)
info: 9x/Cp4 (153722694352)
info: 9x/Cp3 (153722693958)
info: Teaching and Learning – INSET 2020 - 2021 (134706419140)
info: Y8 (219687520177)
